<?xml version="1.0" encoding="UTF-8"?>
<!-- Generated by org.testng.reporters.JUnitReportReporter -->
<testsuite skipped="0" hostname="ASI-INA122P6QC" name="automationFramework.TestCases" tests="5" failures="0" timestamp="28 May 2018 13:31:26 GMT" time="69.984" errors="0">
  <testcase name="InvalidUsername" time="21.973" classname="automationFramework.TestCases"/>
  <testcase name="InvalidPassword" time="12.935" classname="automationFramework.TestCases"/>
  <testcase name="InvalidUserPass" time="8.758" classname="automationFramework.TestCases"/>
  <testcase name="ValidCredential" time="21.562" classname="automationFramework.TestCases"/>
  <testcase name="logout" time="4.756" classname="automationFramework.TestCases"/>
</testsuite> <!-- automationFramework.TestCases -->
