<?xml version="1.0" encoding="UTF-8"?>
<!-- Generated by org.testng.reporters.JUnitReportReporter -->
<testsuite skipped="0" hostname="TGS-INA516TLT9" name="automationFramework.TestCases" tests="4" failures="0" timestamp="23 Apr 2018 12:53:42 GMT" time="61.668" errors="0">
  <testcase name="InvalidUsername" time="11.713" classname="automationFramework.TestCases"/>
  <testcase name="InvalidPassword" time="13.575" classname="automationFramework.TestCases"/>
  <testcase name="InvalidUserPass" time="12.228" classname="automationFramework.TestCases"/>
  <testcase name="ValidCredential" time="24.152" classname="automationFramework.TestCases"/>
</testsuite> <!-- automationFramework.TestCases -->
