<?xml version="1.0" encoding="UTF-8"?>
<!-- Generated by org.testng.reporters.JUnitReportReporter -->
<testsuite skipped="0" hostname="ASI-INA122P6QC" name="automationFramework.TestCases" tests="1" failures="0" timestamp="07 Jun 2018 13:38:59 GMT" time="16.602" errors="0">
  <testcase name="InvalidUsername" time="16.602" classname="automationFramework.TestCases"/>
</testsuite> <!-- automationFramework.TestCases -->
