<?xml version="1.0" encoding="UTF-8"?>
<!-- Generated by org.testng.reporters.JUnitReportReporter -->
<testsuite skipped="0" hostname="TGS-INA516TLT9" name="automationFramework.TestCases" tests="4" failures="0" timestamp="23 Apr 2018 12:04:31 GMT" time="62.478" errors="0">
  <testcase name="InvalidUsername" time="12.199" classname="automationFramework.TestCases"/>
  <testcase name="InvalidPassword" time="13.398" classname="automationFramework.TestCases"/>
  <testcase name="InvalidUserPass" time="9.133" classname="automationFramework.TestCases"/>
  <testcase name="ValidCredential" time="27.748" classname="automationFramework.TestCases"/>
</testsuite> <!-- automationFramework.TestCases -->
