<?xml version="1.0" encoding="UTF-8"?>
<!-- Generated by org.testng.reporters.JUnitReportReporter -->
<testsuite skipped="0" hostname="ASI-INA551W6WP" name="automationFramework.TestCases" tests="4" failures="0" timestamp="28 Aug 2017 09:33:29 GMT" time="67.394" errors="0">
  <testcase name="InvalidUsername" time="17.474" classname="automationFramework.TestCases"/>
  <testcase name="InvalidPassword" time="16.111" classname="automationFramework.TestCases"/>
  <testcase name="InvalidUserPass" time="16.014" classname="automationFramework.TestCases"/>
  <testcase name="ValidCredential" time="17.795" classname="automationFramework.TestCases"/>
</testsuite> <!-- automationFramework.TestCases -->
